Terminals which are not used

   T_FLOAT
   '-'
   '*'
   '/'
   '%'
   '^'


Grammar

    0 $accept: S $end

    1 S: S E '\n'
    2  | /* empty */

    3 E: E '+' E
    4  | T_INT


Terminals, with rules where they appear

$end (0) 0
'\n' (10) 1
'%' (37)
'*' (42)
'+' (43) 3
'-' (45)
'/' (47)
'^' (94)
error (256)
T_INT (258) 4
T_FLOAT (259)


Nonterminals, with rules where they appear

$accept (12)
    on left: 0
S (13)
    on left: 1 2, on right: 0 1
E (14)
    on left: 3 4, on right: 1 3


state 0

    0 $accept: . S $end

    $default  reduce using rule 2 (S)

    S  go to state 1


state 1

    0 $accept: S . $end
    1 S: S . E '\n'

    $end   shift, and go to state 2
    T_INT  shift, and go to state 3

    E  go to state 4


state 2

    0 $accept: S $end .

    $default  accept


state 3

    4 E: T_INT .

    $default  reduce using rule 4 (E)


state 4

    1 S: S E . '\n'
    3 E: E . '+' E

    '+'   shift, and go to state 5
    '\n'  shift, and go to state 6


state 5

    3 E: E '+' . E

    T_INT  shift, and go to state 3

    E  go to state 7


state 6

    1 S: S E '\n' .

    $default  reduce using rule 1 (S)


state 7

    3 E: E . '+' E
    3  | E '+' E .

    $default  reduce using rule 3 (E)
